build/app/outputs/mapping/release/seeds.txt
com.example.weatherapp.MainActivity: MainActivity()
com.example.weatherapp.MainActivity
...
io.flutter.embedding.android.FlutterView$ZeroSides: io.flutter.embedding.android.FlutterView$ZeroSides valueOf(java.lang.String)
io.flutter.plugin.editing.ImeSyncDeferringInsetsCallback: void install()
io.flutter.embedding.engine.FlutterOverlaySurface: android.view.Surface getSurface()
android.support.v4.graphics.drawable.IconCompatParcelizer
io.flutter.embedding.engine.FlutterJNI: void invokePlatformMessageResponseCallback(int,java.nio.ByteBuffer,int)
io.flutter.embedding.engine.renderer.SurfaceTextureWrapper: void detachFromGLContext()
io.flutter.plugin.editing.ImeSyncDeferringInsetsCallback: boolean access$302(io.flutter.plugin.editing.ImeSyncDeferringInsetsCallback,boolean)
io.flutter.embedding.engine.FlutterJNI: boolean nativeFlutterTextUtilsIsEmoji(int)
io.flutter.view.AccessibilityViewEmbedder: android.view.View rootAccessibilityView
io.flutter.plugin.editing.ImeSyncDeferringInsetsCallback: android.view.WindowInsets access$402(io.flutter.plugin.editing.ImeSyncDeferringInsetsCallback,android.view.WindowInsets)
androidx.core.app.RemoteActionCompatParcelizer: androidx.core.app.RemoteActionCompat read(androidx.versionedparcelable.VersionedParcel)
io.flutter.view.AccessibilityBridge$TextDirection: io.flutter.view.AccessibilityBridge$TextDirection valueOf(java.lang.String)
io.flutter.embedding.engine.FlutterJNI: android.graphics.Bitmap getBitmap()
io.flutter.embedding.engine.renderer.SurfaceTextureWrapper: void release()
io.flutter.view.AccessibilityViewEmbedder: boolean onAccessibilityHoverEvent(int,android.view.MotionEvent)
io.flutter.embedding.engine.FlutterJNI: void onSurfaceChanged(int,int)
io.flutter.view.FlutterCallbackInformation: java.lang.String callbackClassName
io.flutter.embedding.android.DrawableSplashScreen$DrawableSplashScreenView: void setSplashDrawable(android.graphics.drawable.Drawable)
io.flutter.embedding.engine.FlutterJNI: void setViewportMetrics(float,int,int,int,int,int,int,int,int,int,int,int,int,int,int,int)
androidx.core.app.RemoteActionCompat: RemoteActionCompat()
androidx.core.graphics.drawable.IconCompatParcelizer
androidx.lifecycle.Lifecycle$Event: androidx.lifecycle.Lifecycle$Event[] values()
io.flutter.view.AccessibilityViewEmbedder: void copyAccessibilityFields(android.view.accessibility.AccessibilityNodeInfo,android.view.accessibility.AccessibilityNodeInfo)
io.flutter.embedding.engine.FlutterJNI: FlutterJNI()
io.flutter.plugin.platform.SingleViewPresentation: android.view.View$OnFocusChangeListener focusChangeListener
io.flutter.view.AccessibilityViewEmbedder: void cacheVirtualIdMappings(android.view.View,int,int)
io.flutter.view.AccessibilityViewEmbedder: AccessibilityViewEmbedder(android.view.View,int)
io.flutter.plugin.platform.SingleViewPresentation: SingleViewPresentation(android.content.Context,android.view.Display,io.flutter.plugin.platform.PlatformViewFactory,io.flutter.plugin.platform.AccessibilityEventsDelegate,int,java.lang.Object,android.view.View$OnFocusChangeListener)
io.flutter.plugin.editing.ImeSyncDeferringInsetsCallback: boolean access$202(io.flutter.plugin.editing.ImeSyncDeferringInsetsCallback,boolean)
io.flutter.embedding.engine.FlutterJNI: void nativeSurfaceCreated(long,android.view.Surface)
io.flutter.embedding.engine.FlutterJNI: void setPlatformViewsController(io.flutter.plugin.platform.PlatformViewsController)
android.support.v4.app.RemoteActionCompatParcelizer: RemoteActionCompatParcelizer()
androidx.core.app.RemoteActionCompatParcelizer: RemoteActionCompatParcelizer()
io.flutter.embedding.engine.mutatorsstack.FlutterMutatorsStack: android.graphics.Matrix getFinalMatrix()
io.flutter.embedding.engine.plugins.lifecycle.HiddenLifecycleReference: androidx.lifecycle.Lifecycle getLifecycle()
io.flutter.embedding.engine.FlutterOverlaySurface: int id
io.flutter.embedding.engine.systemchannels.SettingsChannel$PlatformBrightness: io.flutter.embedding.engine.systemchannels.SettingsChannel$PlatformBrightness[] values()