build/app/outputs/mapping/release/mapping.txt
# compiler: R8
# compiler_version: 2.1.62
# min_api: 16
# pg_map_id: ef500f1
# common_typos_disable
...
io.flutter.plugins.pathprovider.PathProviderPlugin$UiThreadExecutor -> io.flutter.plugins.a.h$b:
    android.os.Handler handler -> a
io.flutter.plugins.pathprovider.StorageDirectoryMapper -> io.flutter.plugins.a.i:
    java.lang.String androidType(java.lang.Integer) -> a
io.flutter.plugins.sharedpreferences.MethodCallHandlerImpl -> io.flutter.plugins.b.a:
    android.os.Handler handler -> c
    android.content.SharedPreferences preferences -> a
    java.util.concurrent.ExecutorService executor -> b
    android.os.Handler access$000(io.flutter.plugins.sharedpreferences.MethodCallHandlerImpl) -> a
    void onMethodCall(io.flutter.plugin.common.MethodCall,io.flutter.plugin.common.MethodChannel$Result) -> b
    void commitAsync(android.content.SharedPreferences$Editor,io.flutter.plugin.common.MethodChannel$Result) -> c
    java.util.List decodeList(java.lang.String) -> d
    java.lang.String encodeList(java.util.List) -> e
    java.util.Map getAllPrefs() -> f
    void teardown() -> g
io.flutter.plugins.sharedpreferences.MethodCallHandlerImpl$1 -> io.flutter.plugins.b.a$a:
    android.content.SharedPreferences$Editor val$editor -> a
    io.flutter.plugins.sharedpreferences.MethodCallHandlerImpl this$0 -> c
    io.flutter.plugin.common.MethodChannel$Result val$result -> b
io.flutter.plugins.sharedpreferences.MethodCallHandlerImpl$1$1 -> io.flutter.plugins.b.a$a$a:
    io.flutter.plugins.sharedpreferences.MethodCallHandlerImpl$1 this$1 -> b
    boolean val$response -> a
io.flutter.plugins.sharedpreferences.SharedPreferencesPlugin -> io.flutter.plugins.b.b:
    io.flutter.plugins.sharedpreferences.MethodCallHandlerImpl handler -> b
    io.flutter.plugin.common.MethodChannel channel -> a
    void onDetachedFromEngine(io.flutter.embedding.engine.plugins.FlutterPlugin$FlutterPluginBinding) -> a
    void setupChannel(io.flutter.plugin.common.BinaryMessenger,android.content.Context) -> b
    void onAttachedToEngine(io.flutter.embedding.engine.plugins.FlutterPlugin$FlutterPluginBinding) -> c
    void teardownChannel() -> d
io.flutter.util.PathUtils -> c.a.d.a:
    java.lang.String getCacheDirectory(android.content.Context) -> a
    java.lang.String getDataDirectory(android.content.Context) -> b
    java.lang.String getFilesDir(android.content.Context) -> c
io.flutter.util.Preconditions -> c.a.d.b:
    void checkState(boolean,java.lang.Object) -> a
io.flutter.util.Predicate -> c.a.d.c:
    boolean test(java.lang.Object) -> a
io.flutter.util.ViewUtils -> c.a.d.d:
    int generateViewId(int) -> a
    android.app.Activity getActivity(android.content.Context) -> b
io.flutter.view.-$$Lambda$AccessibilityBridge$YZB7OHASiHhGuAwlsDaF5NL1-OU -> io.flutter.view.a:
    io.flutter.view.-$$Lambda$AccessibilityBridge$YZB7OHASiHhGuAwlsDaF5NL1-OU INSTANCE -> a
    boolean test(java.lang.Object) -> a
io.flutter.view.-$$Lambda$AccessibilityBridge$rCW4KhEHJoU73TZTzdmyAQLb0vw -> io.flutter.view.b:
    io.flutter.view.AccessibilityBridge$SemanticsNode f$0 -> a
    boolean test(java.lang.Object) -> a